<?xml version="1.0" encoding="UTF-8"?>
<!-- Generated by org.testng.reporters.JUnitReportReporter -->
<testsuite skipped="0" hostname="DESKTOP-47CBB23" name="pack1.Prg1" tests="1" failures="0" timestamp="2020-09-04T18:30:28 IST" time="27.312" errors="0">
  <testcase name="google" time="27.312" classname="pack1.Prg1"/>
  <system-out/>
</testsuite> <!-- pack1.Prg1 -->
